<?xml version="1.0" encoding="UTF-8"?>
<testsuite xmlns:xsi="http://www.w3.org/2001/XMLSchema-instance" xsi:noNamespaceSchemaLocation="https://maven.apache.org/surefire/maven-surefire-plugin/xsd/surefire-test-report-3.0.xsd" version="3.0" name="com.talentofuturo.evaluacion1.calvaradoa.TaskManagerTest" time="0.102" tests="8" errors="0" skipped="0" failures="0">
  <properties>
[...]
</properties>
  <testcase name="testEditTaskFailure" classname="com.talentofuturo.evaluacion1.calvaradoa.TaskManagerTest" time="0.043"/>
  <testcase name="testDeleteTaskFailure" classname="com.talentofuturo.evaluacion1.calvaradoa.TaskManagerTest" time="0.003"/>
  <testcase name="testAddTaskSuccess" classname="com.talentofuturo.evaluacion1.calvaradoa.TaskManagerTest" time="0.002"/>
  <testcase name="testGetTaskByIdNotFound" classname="com.talentofuturo.evaluacion1.calvaradoa.TaskManagerTest" time="0.003"/>
  <testcase name="testAddTaskFailure" classname="com.talentofuturo.evaluacion1.calvaradoa.TaskManagerTest" time="0.002"/>
  <testcase name="testGetTaskById" classname="com.talentofuturo.evaluacion1.calvaradoa.TaskManagerTest" time="0.003"/>
  <testcase name="testEditTaskSuccess" classname="com.talentofuturo.evaluacion1.calvaradoa.TaskManagerTest" time="0.002"/>
  <testcase name="testDeleteTaskSuccess" classname="com.talentofuturo.evaluacion1.calvaradoa.TaskManagerTest" time="0.001"/>
</testsuite>